#
# A fatal error has been detected by the Java Runtime Environment:
#
#  SIGSEGV (0xb) at pc=0x000000012e443d7c, pid=892, tid=2571
#
# JRE version: Java(TM) SE Runtime Environment (8.0_60-b27) (build 1.8.0_60-b27)
# Java VM: Java HotSpot(TM) 64-Bit Server VM (25.60-b23 mixed mode bsd-amd64 compressed oops)
# Problematic frame:
# C  [libjfxwebkit.dylib+0xe88d7c]  _ZN3JSC9CodeBlock19unlinkIncomingCallsEv+0x2c
#
# Failed to write core dump. Core dumps have been disabled. To enable core dumping, try "ulimit -c unlimited" before starting Java again
#
# If you would like to submit a bug report, please visit:
#   http://bugreport.java.com/bugreport/crash.jsp
# The crash happened outside the Java Virtual Machine in native code.
# See problematic frame for where to report the bug.
#

---------------  T H R E A D  ---------------

Current thread (0x00007fd1411bc800):  JavaThread "JavaFX Application Thread" [_thread_in_native, id=2571, stack(0x00007fff5b271000,0x00007fff5ba71000)]

siginfo: si_signo: 11 (SIGSEGV), si_code: 1 (SEGV_MAPERR), si_addr: 0x0000000000000010

Registers:
RAX=0x00000001230f7730, RBX=0x00000001230f7670, RCX=0x0000000000000000, RDX=0x0000000000000000
RSP=0x00007fff5ba69290, RBP=0x00007fff5ba692b0, RSI=0x00007fd147168cd0, RDI=0x00000001230f7670
R8 =0x00000000fffffffc, R9 =0x00007fd145a918a8, R10=0x00000000ffffffff, R11=0xffffffff00000000
R12=0x0000000128691070, R13=0x00007fd14644d001, R14=0x00000001230f7670, R15=0x00007fd147168cd0
RIP=0x000000012e443d7c, EFLAGS=0x0000000000010283, ERR=0x0000000000000006
  TRAPNO=0x000000000000000e

Top of Stack: (sp=0x00007fff5ba69290)
0x00007fff5ba69290:   000000000000000b 0000000000000000
0x00007fff5ba692a0:   00000001230f7670 00007fd147168cd0
0x00007fff5ba692b0:   00007fff5ba692f0 000000012e6e26e7
0x00007fff5ba692c0:   0000000000000011 000000012f1470f0
0x00007fff5ba692d0:   00007fd147168cd0 00007fd14644d000
0x00007fff5ba692e0:   0000000000000000 0000000128691070
0x00007fff5ba692f0:   00007fff5ba69570 000000012e6e300b
0x00007fff5ba69300:   00007fd147103180 00007fd14644d018
0x00007fff5ba69310:   0000000000000000 0000000000000000
0x00007fff5ba69320:   00007fff5ba69390 000000012e6ca32c
0x00007fff5ba69330:   00007fff5ba693d0 00007fff5ba694a0
0x00007fff5ba69340:   00007fff5ba694b0 00007fd145a8e100
0x00007fff5ba69350:   000000ff5ba69430 00007fff5ba694d0
0x00007fff5ba69360:   0000000000000000 00007fd145a8e100
0x00007fff5ba69370:   00007fff5ba694a0 00007fd145a8e100
0x00007fff5ba69380:   00007fff5ba694b0 00007fff5ba694d0
0x00007fff5ba69390:   00007fff5ba693c0 000000012e6c8ab4
0x00007fff5ba693a0:   00000001286910c0 0000000000000002
0x00007fff5ba693b0:   00007fff795b8070 0000000128691070
0x00007fff5ba693c0:   00007fff5ba69530 000000012e6c8216
0x00007fff5ba693d0:   00007fff5ba69400 000000012e6acd82
0x00007fff5ba693e0:   00007fff5ba69468 0000000127674990
0x00007fff5ba693f0:   00007fff7a7bb420 00007fd145a8e100
0x00007fff5ba69400:   00007fd14644d000 00000001286910c0
0x00007fff5ba69410:   00007fff00000000 0000000127674990
0x00007fff5ba69420:   00000001286912c0 00007fd14644d000
0x00007fff5ba69430:   00007fff5ba6a290 000000012e4587f7
0x00007fff5ba69440:   00007fd100000001 00007fff5ba6a338
0x00007fff5ba69450:   0000000000000000 00007fff5ba69468
0x00007fff5ba69460:   000000000000000a 00007fd14644d000
0x00007fff5ba69470:   00000000000000ec 0000000100000000
0x00007fff5ba69480:   0000000000000000 00007fd147166bc0 

Instructions: (pc=0x000000012e443d7c)
0x000000012e443d5c:   fb 48 8b 8b b0 00 00 00 48 8d 83 c0 00 00 00 eb
0x000000012e443d6c:   0a 0f 1f 00 48 8b 8b b0 00 00 00 48 39 c1 74 3b
0x000000012e443d7c:   48 c7 41 10 00 00 00 00 48 c7 41 20 00 00 00 00
0x000000012e443d8c:   48 8b 51 08 48 85 d2 74 db 48 8b 31 48 89 32 48 

Register to memory mapping:

RAX=0x00000001230f7730 is an unknown value
RBX=0x00000001230f7670 is an unknown value
RCX=0x0000000000000000 is an unknown value
RDX=0x0000000000000000 is an unknown value
RSP=0x00007fff5ba69290 is pointing into the stack for thread: 0x00007fd1411bc800
RBP=0x00007fff5ba692b0 is pointing into the stack for thread: 0x00007fd1411bc800
RSI=0x00007fd147168cd0 is an unknown value
RDI=0x00000001230f7670 is an unknown value
R8 =0x00000000fffffffc is an unknown value
R9 =0x00007fd145a918a8 is an unknown value
R10=0x00000000ffffffff is an unknown value
R11=0xffffffff00000000 is an unknown value
R12=0x0000000128691070 is an unknown value
R13=0x00007fd14644d001 is an unknown value
R14=0x00000001230f7670 is an unknown value
R15=0x00007fd147168cd0 is an unknown value


Stack: [0x00007fff5b271000,0x00007fff5ba71000],  sp=0x00007fff5ba69290,  free space=8160k
Native frames: (J=compiled Java code, j=interpreted, Vv=VM code, C=native code)
C  [libjfxwebkit.dylib+0xe88d7c]  _ZN3JSC9CodeBlock19unlinkIncomingCallsEv+0x2c
C  [libjfxwebkit.dylib+0x11276e7]  _ZN3JSC16ScriptExecutable11installCodeEPNS_9CodeBlockE+0x207
C  [libjfxwebkit.dylib+0x112800b]  _ZN3JSC16ScriptExecutable23prepareForExecutionImplEPNS_9ExecStateEPNS_10JSFunctionEPPNS_7JSScopeENS_22CodeSpecializationKindE+0x10b
C  [libjfxwebkit.dylib+0xfd98da]  _ZN3JSC11Interpreter7executeEPNS_14EvalExecutableEPNS_9ExecStateENS_7JSValueEPNS_7JSScopeE+0x16a
C  [libjfxwebkit.dylib+0xfd9676]  _ZN3JSC4evalEPNS_9ExecStateE+0x4a6
C  [libjfxwebkit.dylib+0x1063288]  llint_slow_path_call_eval+0x108
C  [libjfxwebkit.dylib+0x106af0f]  llint_op_call_eval+0x29
C  [libjfxwebkit.dylib+0x106aeaf]  llint_op_call_varargs+0x8b
C  [libjfxwebkit.dylib+0x106ace5]  llint_op_call+0xef
C  [libjfxwebkit.dylib+0x106ace5]  llint_op_call+0xef
C  0x00003432134019da
C  [libjfxwebkit.dylib+0x1065b47]  callToJavaScript+0x141
C  [libjfxwebkit.dylib+0x101f5f3]  _ZN3JSC7JITCode7executeEPNS_2VMEPNS_14ProtoCallFrameE+0x23
C  [libjfxwebkit.dylib+0xfdc199]  _ZN3JSC11Interpreter11executeCallEPNS_9ExecStateEPNS_8JSObjectENS_8CallTypeERKNS_8CallDataENS_7JSValueERKNS_7ArgListE+0x1b9
C  [libjfxwebkit.dylib+0x110bfde]  _ZN3JSC4callEPNS_9ExecStateENS_7JSValueENS_8CallTypeERKNS_8CallDataES2_RKNS_7ArgListE+0x3e
C  [libjfxwebkit.dylib+0x4999fc]  _ZN7WebCore21JSMainThreadExecState4callEPN3JSC9ExecStateENS1_7JSValueENS1_8CallTypeERKNS1_8CallDataES4_RKNS1_7ArgListE+0x1c
C  [libjfxwebkit.dylib+0x4b3976]  _ZN7WebCore15JSEventListener11handleEventEPNS_22ScriptExecutionContextEPNS_5EventE+0x356
C  [libjfxwebkit.dylib+0x696d4e]  _ZN7WebCore11EventTarget18fireEventListenersEPNS_5EventEPNS_15EventTargetDataERN3WTF6VectorINS_23RegisteredEventListenerELm1ENS5_15CrashOnOverflowEEE+0x25e
C  [libjfxwebkit.dylib+0x6968de]  _ZN7WebCore11EventTarget18fireEventListenersEPNS_5EventE+0xae
C  [libjfxwebkit.dylib+0x68e45a]  _ZNK7WebCore12EventContext17handleLocalEventsERNS_5EventE+0x5a
C  [libjfxwebkit.dylib+0x68f5fc]  _ZN7WebCore15EventDispatcher13dispatchEventEPNS_4NodeEN3WTF10PassRefPtrINS_5EventEEE+0x33c
C  [libjfxwebkit.dylib+0x6afccd]  _ZN7WebCore4Node13dispatchEventEN3WTF10PassRefPtrINS_5EventEEE+0x1d
C  [libjfxwebkit.dylib+0x66527d]  _ZN7WebCore8Document15finishedParsingEv+0x9d
C  [libjfxwebkit.dylib+0x84d4d9]  _ZN7WebCore18HTMLDocumentParser20prepareToStopParsingEv+0xa9
C  [libjfxwebkit.dylib+0x84ea46]  _ZN7WebCore18HTMLDocumentParser14notifyFinishedEPNS_14CachedResourceE+0x56
C  [libjfxwebkit.dylib+0x91a3c6]  _ZN7WebCore14CachedResource11checkNotifyEv+0x96
C  [libjfxwebkit.dylib+0x967041]  _ZN7WebCore17SubresourceLoader16didFinishLoadingEd+0x61
j  com.sun.webkit.network.URLLoader.twkDidFinishLoading(J)V+0
j  com.sun.webkit.network.URLLoader.notifyDidFinishLoading()V+44
j  com.sun.webkit.network.URLLoader.lambda$didFinishLoading$96()V+8
j  com.sun.webkit.network.URLLoader$$Lambda$282.run()V+4
j  com.sun.javafx.application.PlatformImpl.lambda$null$174(Ljava/lang/Runnable;)Ljava/lang/Void;+1
j  com.sun.javafx.application.PlatformImpl$$Lambda$51.run()Ljava/lang/Object;+4
v  ~StubRoutines::call_stub
V  [libjvm.dylib+0x2eab0e]
V  [libjvm.dylib+0x34afd8]
J 1054  java.security.AccessController.doPrivileged(Ljava/security/PrivilegedAction;Ljava/security/AccessControlContext;)Ljava/lang/Object; (0 bytes) @ 0x0000000105fa7895 [0x0000000105fa77c0+0xd5]
j  com.sun.javafx.application.PlatformImpl.lambda$runLater$175(Ljava/lang/Runnable;Ljava/security/AccessControlContext;)V+7
j  com.sun.javafx.application.PlatformImpl$$Lambda$50.run()V+8
j  com.sun.glass.ui.InvokeLaterDispatcher$Future.run()V+4
v  ~StubRoutines::call_stub
V  [libjvm.dylib+0x2eab0e]
V  [libjvm.dylib+0x321bb7]
V  [libjvm.dylib+0x31438b]
C  [libglass.dylib+0x463b]  -[GlassRunnable run]+0x6b
C  [Foundation+0x7754e]  __NSThreadPerformPerform+0x117
C  [CoreFoundation+0xaa621]  __CFRUNLOOP_IS_CALLING_OUT_TO_A_SOURCE0_PERFORM_FUNCTION__+0x11
C  [CoreFoundation+0x89e1c]  __CFRunLoopDoSources0+0x22c
C  [CoreFoundation+0x8933f]  __CFRunLoopRun+0x39f
C  [CoreFoundation+0x88d38]  CFRunLoopRunSpecific+0x128
C  [HIToolbox+0x30d55]  RunCurrentEventLoopInMode+0xeb
C  [HIToolbox+0x30b8f]  ReceiveNextEventCommon+0x1b0
C  [HIToolbox+0x309cf]  _BlockUntilNextEventMatchingListInModeWithFilter+0x47
C  [AppKit+0x49f3a]  _DPSNextEvent+0x42b
C  [AppKit+0x49369]  -[NSApplication _nextEventMatchingEventMask:untilDate:inMode:dequeue:]+0x1c6
C  [AppKit+0x3decc]  -[NSApplication run]+0x2aa
C  [libglass.dylib+0x65ec]  -[GlassApplication runLoop:]+0x72c
C  [Foundation+0x7754e]  __NSThreadPerformPerform+0x117
C  [CoreFoundation+0xaa621]  __CFRUNLOOP_IS_CALLING_OUT_TO_A_SOURCE0_PERFORM_FUNCTION__+0x11
C  [CoreFoundation+0x89e1c]  __CFRunLoopDoSources0+0x22c
C  [CoreFoundation+0x8933f]  __CFRunLoopRun+0x39f
C  [CoreFoundation+0x88d38]  CFRunLoopRunSpecific+0x128
C  [java+0x6463]  CreateExecutionEnvironment+0x367
C  [java+0x21ac]  JLI_Launch+0x7a0
C  [java+0x84c0]  main+0x65
C  [java+0x1a04]  start+0x34
C  0x0000000000000008

Java frames: (J=compiled Java code, j=interpreted, Vv=VM code)
j  com.sun.webkit.network.URLLoader.twkDidFinishLoading(J)V+0
j  com.sun.webkit.network.URLLoader.notifyDidFinishLoading()V+44
j  com.sun.webkit.network.URLLoader.lambda$didFinishLoading$96()V+8
j  com.sun.webkit.network.URLLoader$$Lambda$282.run()V+4
j  com.sun.javafx.application.PlatformImpl.lambda$null$174(Ljava/lang/Runnable;)Ljava/lang/Void;+1
j  com.sun.javafx.application.PlatformImpl$$Lambda$51.run()Ljava/lang/Object;+4
v  ~StubRoutines::call_stub
J 1054  java.security.AccessController.doPrivileged(Ljava/security/PrivilegedAction;Ljava/security/AccessControlContext;)Ljava/lang/Object; (0 bytes) @ 0x0000000105fa7823 [0x0000000105fa77c0+0x63]
j  com.sun.javafx.application.PlatformImpl.lambda$runLater$175(Ljava/lang/Runnable;Ljava/security/AccessControlContext;)V+7
j  com.sun.javafx.application.PlatformImpl$$Lambda$50.run()V+8
j  com.sun.glass.ui.InvokeLaterDispatcher$Future.run()V+4
v  ~StubRoutines::call_stub

---------------  P R O C E S S  ---------------

Java Threads: ( => current thread )
  0x00007fd141aee800 JavaThread "URL-Loader-20" daemon [_thread_blocked, id=119043, stack(0x0000700003b6c000,0x0000700003c6c000)]
  0x00007fd142b25000 JavaThread "URL-Loader-19" daemon [_thread_blocked, id=118531, stack(0x0000700003a69000,0x0000700003b69000)]
  0x00007fd146a4f800 JavaThread "URL-Loader-18" daemon [_thread_blocked, id=118019, stack(0x0000700003966000,0x0000700003a66000)]
  0x00007fd1465a1000 JavaThread "URL-Loader-17" daemon [_thread_blocked, id=117507, stack(0x0000700003863000,0x0000700003963000)]
  0x00007fd1465ab800 JavaThread "URL-Loader-16" daemon [_thread_in_native, id=116995, stack(0x0000700003760000,0x0000700003860000)]
  0x00007fd146540000 JavaThread "URL-Loader-15" daemon [_thread_blocked, id=116483, stack(0x000070000365d000,0x000070000375d000)]
  0x00007fd1464e7000 JavaThread "URL-Loader-14" daemon [_thread_blocked, id=116235, stack(0x000070000355a000,0x000070000365a000)]
  0x00007fd141473000 JavaThread "URL-Loader-13" daemon [_thread_blocked, id=66827, stack(0x0000700003457000,0x0000700003557000)]
  0x00007fd1469fd800 JavaThread "URL-Loader-12" daemon [_thread_blocked, id=77343, stack(0x0000700003354000,0x0000700003454000)]
  0x00007fd1469fc800 JavaThread "URL-Loader-11" daemon [_thread_in_native, id=64271, stack(0x0000700003251000,0x0000700003351000)]
  0x00007fd1469cd800 JavaThread "URL-Loader-10" daemon [_thread_blocked, id=63767, stack(0x000070000314e000,0x000070000324e000)]
  0x00007fd146959000 JavaThread "URL-Loader-9" daemon [_thread_blocked, id=65299, stack(0x000070000304b000,0x000070000314b000)]
  0x00007fd14147f800 JavaThread "URL-Loader-8" daemon [_thread_blocked, id=66375, stack(0x0000700002f48000,0x0000700003048000)]
  0x00007fd1419b2000 JavaThread "Keep-Alive-Timer" daemon [_thread_blocked, id=60695, stack(0x0000700002e45000,0x0000700002f45000)]
  0x00007fd14225f000 JavaThread "URL-Loader-7" daemon [_thread_blocked, id=85799, stack(0x0000700002d42000,0x0000700002e42000)]
  0x00007fd142210000 JavaThread "URL-Loader-6" daemon [_thread_blocked, id=86803, stack(0x0000700002c3f000,0x0000700002d3f000)]
  0x00007fd1423f0000 JavaThread "URL-Loader-5" daemon [_thread_blocked, id=85271, stack(0x0000700002b3c000,0x0000700002c3c000)]
  0x00007fd14240c000 JavaThread "URL-Loader-4" daemon [_thread_blocked, id=86291, stack(0x0000700002a39000,0x0000700002b39000)]
  0x00007fd141af1000 JavaThread "URL-Loader-3" daemon [_thread_blocked, id=79375, stack(0x0000700002936000,0x0000700002a36000)]
  0x00007fd1414c4000 JavaThread "URL-Loader-2" daemon [_thread_in_native, id=75015, stack(0x0000700002833000,0x0000700002933000)]
  0x00007fd141474000 JavaThread "Watchdog-Timer-1" daemon [_thread_blocked, id=74827, stack(0x0000700002730000,0x0000700002830000)]
  0x00007fd14645a800 JavaThread "URL-Loader-1" daemon [_thread_in_native, id=114691, stack(0x000070000262d000,0x000070000272d000)]
  0x00007fd14645a000 JavaThread "Disposer" daemon [_thread_blocked, id=114179, stack(0x000070000252a000,0x000070000262a000)]
  0x00007fd146355800 JavaThread "JFXMedia Player EventQueueThread" daemon [_thread_blocked, id=109571, stack(0x0000700002198000,0x0000700002298000)]
  0x00007fd1421da000 JavaThread "JFXMedia Player EventQueueThread" daemon [_thread_blocked, id=105219, stack(0x0000700001e89000,0x0000700001f89000)]
  0x00007fd141769000 JavaThread "Media Resource Disposer" daemon [_thread_blocked, id=104451, stack(0x0000700001d86000,0x0000700001e86000)]
  0x00007fd1413a6000 JavaThread "JFXMedia Player EventQueueThread" daemon [_thread_blocked, id=73263, stack(0x00007000019f4000,0x0000700001af4000)]
  0x00007fd14214e000 JavaThread "Prism Font Disposer" daemon [_thread_blocked, id=52487, stack(0x00007000015df000,0x00007000016df000)]
  0x00007fd1428d3800 JavaThread "Thread-4" daemon [_thread_in_native, id=37891, stack(0x00007000014d9000,0x0000700001559000)]
=>0x00007fd1411bc800 JavaThread "JavaFX Application Thread" [_thread_in_native, id=2571, stack(0x00007fff5b271000,0x00007fff5ba71000)]
  0x00007fd1411c2000 JavaThread "Thread-2" daemon [_thread_blocked, id=25619, stack(0x0000700001353000,0x0000700001453000)]
  0x00007fd1419a2800 JavaThread "QuantumRenderer-0" daemon [_thread_blocked, id=20739, stack(0x0000700001250000,0x0000700001350000)]
  0x00007fd14198d000 JavaThread "JavaFX-Launcher" [_thread_blocked, id=20227, stack(0x000070000114d000,0x000070000124d000)]
  0x00007fd141853800 JavaThread "Monitor Ctrl-Break" daemon [_thread_in_native, id=19715, stack(0x000070000104a000,0x000070000114a000)]
  0x00007fd141816000 JavaThread "Service Thread" daemon [_thread_blocked, id=18691, stack(0x0000700000e44000,0x0000700000f44000)]
  0x00007fd141815000 JavaThread "C1 CompilerThread2" daemon [_thread_blocked, id=18179, stack(0x0000700000d41000,0x0000700000e41000)]
  0x00007fd142818800 JavaThread "C2 CompilerThread1" daemon [_thread_blocked, id=17667, stack(0x0000700000c3e000,0x0000700000d3e000)]
  0x00007fd141803800 JavaThread "C2 CompilerThread0" daemon [_thread_blocked, id=17155, stack(0x0000700000b3b000,0x0000700000c3b000)]
  0x00007fd14102b000 JavaThread "Signal Dispatcher" daemon [_thread_blocked, id=12815, stack(0x0000700000a38000,0x0000700000b38000)]
  0x00007fd141023000 JavaThread "Finalizer" daemon [_thread_blocked, id=12291, stack(0x000070000082f000,0x000070000092f000)]
  0x00007fd141022000 JavaThread "Reference Handler" daemon [_thread_blocked, id=11779, stack(0x000070000072c000,0x000070000082c000)]
  0x00007fd142002800 JavaThread "main" [_thread_blocked, id=5891, stack(0x000070000011a000,0x000070000021a000)]

Other Threads:
  0x00007fd142808800 VMThread [stack: 0x0000700000629000,0x0000700000729000] [id=11267]
  0x00007fd14102e000 WatcherThread [stack: 0x0000700000f47000,0x0000700001047000] [id=19203]

VM state:not at safepoint (normal execution)

VM Mutex/Monitor currently owned by a thread: None

Heap:
 PSYoungGen      total 141824K, used 23142K [0x0000000795580000, 0x00000007a6a80000, 0x00000007c0000000)
  eden space 133120K, 17% used [0x0000000795580000,0x0000000796c19ad8,0x000000079d780000)
  from space 8704K, 0% used [0x000000079d780000,0x000000079d780000,0x000000079e000000)
  to   space 8704K, 0% used [0x00000007a6200000,0x00000007a6200000,0x00000007a6a80000)
 ParOldGen       total 48640K, used 9386K [0x0000000740000000, 0x0000000742f80000, 0x0000000795580000)
  object space 48640K, 19% used [0x0000000740000000,0x000000074092aba0,0x0000000742f80000)
 Metaspace       used 20719K, capacity 21772K, committed 22016K, reserved 1069056K
  class space    used 3033K, capacity 3297K, committed 3328K, reserved 1048576K

Card table byte_map: [0x0000000114fc0000,0x00000001153c1000] byte_map_base: 0x00000001115c0000

Marking Bits: (ParMarkBitMap*) 0x0000000104ce9e20
 Begin Bits: [0x000000011566c000, 0x000000011766c000)
 End Bits:   [0x000000011766c000, 0x000000011966c000)

Polling page: 0x00000001053db000

CodeCache: size=245760Kb used=5955Kb max_used=5967Kb free=239804Kb
 bounds [0x0000000105c00000, 0x00000001061e0000, 0x0000000114c00000]
 total_blobs=2751 nmethods=1997 adapters=666
 compilation: enabled

Compilation events (10 events):
Event: 7.555 Thread 0x00007fd141815000 nmethod 2125 0x00000001061d1f50 code [0x00000001061d20e0, 0x00000001061d2508]
Event: 7.555 Thread 0x00007fd141815000 2126       3       com.sun.prism.es2.GLContext::updateBoundTexture (14 bytes)
Event: 7.555 Thread 0x00007fd141815000 nmethod 2126 0x00000001061d2650 code [0x00000001061d27e0, 0x00000001061d2ca8]
Event: 7.555 Thread 0x00007fd141815000 2127       3       javafx.scene.layout.Background::isEmpty (30 bytes)
Event: 7.555 Thread 0x00007fd141815000 nmethod 2127 0x00000001061d2f10 code [0x00000001061d30a0, 0x00000001061d3418]
Event: 7.555 Thread 0x00007fd141815000 2128       1       com.sun.prism.paint.Gradient::getGradientTransformNoClone (5 bytes)
Event: 7.556 Thread 0x00007fd141815000 nmethod 2128 0x00000001061d3510 code [0x00000001061d3660, 0x00000001061d3770]
Event: 7.563 Thread 0x00007fd141803800 nmethod 2129 0x00000001061d7150 code [0x00000001061d7300, 0x00000001061d7d18]
Event: 7.564 Thread 0x00007fd141815000 2131       3       java.util.concurrent.locks.AbstractQueuedSynchronizer$ConditionObject::doSignal (43 bytes)
Event: 7.565 Thread 0x00007fd141815000 nmethod 2131 0x00000001061d6b10 code [0x00000001061d6ca0, 0x00000001061d7028]

GC Heap History (10 events):
Event: 6.465 GC heap before
{Heap before GC invocations=4 (full 0):
 PSYoungGen      total 38400K, used 38338K [0x0000000795580000, 0x000000079a080000, 0x00000007c0000000)
  eden space 33280K, 99% used [0x0000000795580000,0x00000007975f4a88,0x0000000797600000)
  from space 5120K, 99% used [0x0000000797600000,0x0000000797afbfb0,0x0000000797b00000)
  to   space 5120K, 0% used [0x0000000799b80000,0x0000000799b80000,0x000000079a080000)
 ParOldGen       total 87552K, used 2320K [0x0000000740000000, 0x0000000745580000, 0x0000000795580000)
  object space 87552K, 2% used [0x0000000740000000,0x0000000740244350,0x0000000745580000)
 Metaspace       used 20017K, capacity 21052K, committed 21248K, reserved 1067008K
  class space    used 2952K, capacity 3211K, committed 3328K, reserved 1048576K
Event: 6.472 GC heap after
Heap after GC invocations=4 (full 0):
 PSYoungGen      total 71680K, used 5114K [0x0000000795580000, 0x000000079a080000, 0x00000007c0000000)
  eden space 66560K, 0% used [0x0000000795580000,0x0000000795580000,0x0000000799680000)
  from space 5120K, 99% used [0x0000000799b80000,0x000000079a07eb30,0x000000079a080000)
  to   space 5120K, 0% used [0x0000000799680000,0x0000000799680000,0x0000000799b80000)
 ParOldGen       total 87552K, used 4894K [0x0000000740000000, 0x0000000745580000, 0x0000000795580000)
  object space 87552K, 5% used [0x0000000740000000,0x00000007404c7898,0x0000000745580000)
 Metaspace       used 20017K, capacity 21052K, committed 21248K, reserved 1067008K
  class space    used 2952K, capacity 3211K, committed 3328K, reserved 1048576K
}
Event: 6.497 GC heap before
{Heap before GC invocations=5 (full 0):
 PSYoungGen      total 71680K, used 71634K [0x0000000795580000, 0x000000079a080000, 0x00000007c0000000)
  eden space 66560K, 99% used [0x0000000795580000,0x0000000799675e48,0x0000000799680000)
  from space 5120K, 99% used [0x0000000799b80000,0x000000079a07eb30,0x000000079a080000)
  to   space 5120K, 0% used [0x0000000799680000,0x0000000799680000,0x0000000799b80000)
 ParOldGen       total 87552K, used 4894K [0x0000000740000000, 0x0000000745580000, 0x0000000795580000)
  object space 87552K, 5% used [0x0000000740000000,0x00000007404c7898,0x0000000745580000)
 Metaspace       used 20017K, capacity 21052K, committed 21248K, reserved 1067008K
  class space    used 2952K, capacity 3211K, committed 3328K, reserved 1048576K
Event: 6.503 GC heap after
Heap after GC invocations=5 (full 0):
 PSYoungGen      total 71680K, used 5108K [0x0000000795580000, 0x000000079e880000, 0x00000007c0000000)
  eden space 66560K, 0% used [0x0000000795580000,0x0000000795580000,0x0000000799680000)
  from space 5120K, 99% used [0x0000000799680000,0x0000000799b7d318,0x0000000799b80000)
  to   space 8704K, 0% used [0x000000079e000000,0x000000079e000000,0x000000079e880000)
 ParOldGen       total 87552K, used 4964K [0x0000000740000000, 0x0000000745580000, 0x0000000795580000)
  object space 87552K, 5% used [0x0000000740000000,0x00000007404d90c0,0x0000000745580000)
 Metaspace       used 20017K, capacity 21052K, committed 21248K, reserved 1067008K
  class space    used 2952K, capacity 3211K, committed 3328K, reserved 1048576K
}
Event: 6.515 GC heap before
{Heap before GC invocations=6 (full 0):
 PSYoungGen      total 71680K, used 71534K [0x0000000795580000, 0x000000079e880000, 0x00000007c0000000)
  eden space 66560K, 99% used [0x0000000795580000,0x000000079965e8d0,0x0000000799680000)
  from space 5120K, 99% used [0x0000000799680000,0x0000000799b7d318,0x0000000799b80000)
  to   space 8704K, 0% used [0x000000079e000000,0x000000079e000000,0x000000079e880000)
 ParOldGen       total 87552K, used 4964K [0x0000000740000000, 0x0000000745580000, 0x0000000795580000)
  object space 87552K, 5% used [0x0000000740000000,0x00000007404d90c0,0x0000000745580000)
 Metaspace       used 20017K, capacity 21052K, committed 21248K, reserved 1067008K
  class space    used 2952K, capacity 3211K, committed 3328K, reserved 1048576K
Event: 6.520 GC heap after
Heap after GC invocations=6 (full 0):
 PSYoungGen      total 141824K, used 5175K [0x0000000795580000, 0x000000079e880000, 0x00000007c0000000)
  eden space 133120K, 0% used [0x0000000795580000,0x0000000795580000,0x000000079d780000)
  from space 8704K, 59% used [0x000000079e000000,0x000000079e50de30,0x000000079e880000)
  to   space 8704K, 0% used [0x000000079d780000,0x000000079d780000,0x000000079e000000)
 ParOldGen       total 87552K, used 4964K [0x0000000740000000, 0x0000000745580000, 0x0000000795580000)
  object space 87552K, 5% used [0x0000000740000000,0x00000007404d90c0,0x0000000745580000)
 Metaspace       used 20017K, capacity 21052K, committed 21248K, reserved 1067008K
  class space    used 2952K, capacity 3211K, committed 3328K, reserved 1048576K
}
Event: 6.667 GC heap before
{Heap before GC invocations=7 (full 0):
 PSYoungGen      total 141824K, used 109763K [0x0000000795580000, 0x000000079e880000, 0x00000007c0000000)
  eden space 133120K, 78% used [0x0000000795580000,0x000000079bba2ec8,0x000000079d780000)
  from space 8704K, 59% used [0x000000079e000000,0x000000079e50de30,0x000000079e880000)
  to   space 8704K, 0% used [0x000000079d780000,0x000000079d780000,0x000000079e000000)
 ParOldGen       total 87552K, used 4964K [0x0000000740000000, 0x0000000745580000, 0x0000000795580000)
  object space 87552K, 5% used [0x0000000740000000,0x00000007404d90c0,0x0000000745580000)
 Metaspace       used 20120K, capacity 21116K, committed 21248K, reserved 1067008K
  class space    used 2959K, capacity 3211K, committed 3328K, reserved 1048576K
Event: 6.674 GC heap after
Heap after GC invocations=7 (full 0):
 PSYoungGen      total 141824K, used 2975K [0x0000000795580000, 0x00000007a6a80000, 0x00000007c0000000)
  eden space 133120K, 0% used [0x0000000795580000,0x0000000795580000,0x000000079d780000)
  from space 8704K, 34% used [0x000000079d780000,0x000000079da67c30,0x000000079e000000)
  to   space 8704K, 0% used [0x00000007a6200000,0x00000007a6200000,0x00000007a6a80000)
 ParOldGen       total 87552K, used 7664K [0x0000000740000000, 0x0000000745580000, 0x0000000795580000)
  object space 87552K, 8% used [0x0000000740000000,0x000000074077c080,0x0000000745580000)
 Metaspace       used 20120K, capacity 21116K, committed 21248K, reserved 1067008K
  class space    used 2959K, capacity 3211K, committed 3328K, reserved 1048576K
}
Event: 6.674 GC heap before
{Heap before GC invocations=8 (full 1):
 PSYoungGen      total 141824K, used 2975K [0x0000000795580000, 0x00000007a6a80000, 0x00000007c0000000)
  eden space 133120K, 0% used [0x0000000795580000,0x0000000795580000,0x000000079d780000)
  from space 8704K, 34% used [0x000000079d780000,0x000000079da67c30,0x000000079e000000)
  to   space 8704K, 0% used [0x00000007a6200000,0x00000007a6200000,0x00000007a6a80000)
 ParOldGen       total 87552K, used 7664K [0x0000000740000000, 0x0000000745580000, 0x0000000795580000)
  object space 87552K, 8% used [0x0000000740000000,0x000000074077c080,0x0000000745580000)
 Metaspace       used 20120K, capacity 21116K, committed 21248K, reserved 1067008K
  class space    used 2959K, capacity 3211K, committed 3328K, reserved 1048576K
Event: 6.706 GC heap after
Heap after GC invocations=8 (full 1):
 PSYoungGen      total 141824K, used 0K [0x0000000795580000, 0x00000007a6a80000, 0x00000007c0000000)
  eden space 133120K, 0% used [0x0000000795580000,0x0000000795580000,0x000000079d780000)
  from space 8704K, 0% used [0x000000079d780000,0x000000079d780000,0x000000079e000000)
  to   space 8704K, 0% used [0x00000007a6200000,0x00000007a6200000,0x00000007a6a80000)
 ParOldGen       total 48640K, used 9386K [0x0000000740000000, 0x0000000742f80000, 0x0000000795580000)
  object space 48640K, 19% used [0x0000000740000000,0x000000074092aba0,0x0000000742f80000)
 Metaspace       used 20120K, capacity 21116K, committed 21248K, reserved 1067008K
  class space    used 2959K, capacity 3211K, committed 3328K, reserved 1048576K
}

Deoptimization events (10 events):
Event: 6.566 Thread 0x00007fd14645a800 Uncommon trap: reason=unstable_if action=reinterpret pc=0x0000000106112018 method=sun.text.normalizer.TrieIterator.next(Lsun/text/normalizer/RangeValueIterator$Element;)Z @ 6
Event: 6.618 Thread 0x00007fd14645a800 Uncommon trap: reason=unstable_if action=reinterpret pc=0x00000001060f8720 method=java.util.regex.Pattern$Ctype.isSatisfiedBy(I)Z @ 4
Event: 6.618 Thread 0x00007fd14645a800 Uncommon trap: reason=unstable_if action=reinterpret pc=0x00000001060d6c50 method=java.util.regex.Pattern$Ctype.isSatisfiedBy(I)Z @ 4
Event: 6.658 Thread 0x00007fd14645a800 Uncommon trap: reason=unstable_if action=reinterpret pc=0x0000000106109f00 method=sun.text.normalizer.UnicodeSet.findCodePoint(I)I @ 32
Event: 6.662 Thread 0x00007fd14645a800 Uncommon trap: reason=unstable_if action=reinterpret pc=0x0000000105ea2180 method=java.util.regex.Matcher.reset()Ljava/util/regex/Matcher; @ 47
Event: 6.663 Thread 0x00007fd14645a800 Uncommon trap: reason=class_check action=maybe_recompile pc=0x0000000105e34b0c method=java.util.regex.Pattern$BmpCharProperty.match(Ljava/util/regex/Matcher;ILjava/lang/CharSequence;)Z @ 16
Event: 6.663 Thread 0x00007fd14645a800 Uncommon trap: reason=class_check action=maybe_recompile pc=0x0000000105e34b0c method=java.util.regex.Pattern$BmpCharProperty.match(Ljava/util/regex/Matcher;ILjava/lang/CharSequence;)Z @ 16
Event: 6.663 Thread 0x00007fd14645a800 Uncommon trap: reason=class_check action=maybe_recompile pc=0x0000000105e34b0c method=java.util.regex.Pattern$BmpCharProperty.match(Ljava/util/regex/Matcher;ILjava/lang/CharSequence;)Z @ 16
Event: 6.663 Thread 0x00007fd14645a800 Uncommon trap: reason=class_check action=maybe_recompile pc=0x0000000105e34b0c method=java.util.regex.Pattern$BmpCharProperty.match(Ljava/util/regex/Matcher;ILjava/lang/CharSequence;)Z @ 16
Event: 6.665 Thread 0x00007fd14645a800 Uncommon trap: reason=unstable_if action=reinterpret pc=0x0000000105fc79f4 method=java.lang.String.regionMatches(ZILjava/lang/String;II)Z @ 123

Internal exceptions (10 events):
Event: 5.634 Thread 0x00007fd1411bc800 Exception <a 'sun/nio/fs/UnixException'> (0x0000000797177050) thrown at [/Users/java_re/workspace/8-2-build-macosx-x86_64/jdk8u60/4407/hotspot/src/share/vm/prims/jni.cpp, line 709]
Event: 5.635 Thread 0x00007fd1411bc800 Exception <a 'sun/nio/fs/UnixException'> (0x00000007971790c8) thrown at [/Users/java_re/workspace/8-2-build-macosx-x86_64/jdk8u60/4407/hotspot/src/share/vm/prims/jni.cpp, line 709]
Event: 7.392 Thread 0x00007fd1411bc800 Exception <a 'java/lang/ClassNotFoundException': sun/net/www/protocol/about/Handler> (0x00000007957d8b68) thrown at [/Users/java_re/workspace/8-2-build-macosx-x86_64/jdk8u60/4407/hotspot/src/share/vm/classfile/systemDictionary.cpp, line 210]
Event: 7.396 Thread 0x00007fd1411bc800 Exception <a 'java/lang/ClassNotFoundException': sun/net/www/protocol/about/Handler> (0x0000000796443fa8) thrown at [/Users/java_re/workspace/8-2-build-macosx-x86_64/jdk8u60/4407/hotspot/src/share/vm/classfile/systemDictionary.cpp, line 210]
Event: 7.397 Thread 0x00007fd1411bc800 Exception <a 'java/lang/ClassNotFoundException': sun/net/www/protocol/about/Handler> (0x0000000796449278) thrown at [/Users/java_re/workspace/8-2-build-macosx-x86_64/jdk8u60/4407/hotspot/src/share/vm/classfile/systemDictionary.cpp, line 210]
Event: 7.408 Thread 0x00007fd1411bc800 Exception <a 'java/lang/ClassNotFoundException': sun/net/www/protocol/about/Handler> (0x000000079646de48) thrown at [/Users/java_re/workspace/8-2-build-macosx-x86_64/jdk8u60/4407/hotspot/src/share/vm/classfile/systemDictionary.cpp, line 210]
Event: 7.410 Thread 0x00007fd1411bc800 Exception <a 'java/lang/ClassNotFoundException': sun/net/www/protocol/about/Handler> (0x00000007964736f8) thrown at [/Users/java_re/workspace/8-2-build-macosx-x86_64/jdk8u60/4407/hotspot/src/share/vm/classfile/systemDictionary.cpp, line 210]
Event: 7.432 Thread 0x00007fd1411bc800 Exception <a 'java/io/FileNotFoundException'> (0x00000007964e2c00) thrown at [/Users/java_re/workspace/8-2-build-macosx-x86_64/jdk8u60/4407/hotspot/src/share/vm/prims/jni.cpp, line 709]
Event: 7.433 Thread 0x00007fd1411bc800 Exception <a 'java/io/FileNotFoundException'> (0x00000007964f3e68) thrown at [/Users/java_re/workspace/8-2-build-macosx-x86_64/jdk8u60/4407/hotspot/src/share/vm/prims/jni.cpp, line 709]
Event: 7.563 Thread 0x00007fd1411bc800 Exception <a 'java/lang/ClassNotFoundException': sun/net/www/protocol/about/Handler> (0x0000000796be57e8) thrown at [/Users/java_re/workspace/8-2-build-macosx-x86_64/jdk8u60/4407/hotspot/src/share/vm/classfile/systemDictionary.cpp, line 210]

Events (10 events):
Event: 7.533 Executing VM operation: RevokeBias
Event: 7.533 Executing VM operation: RevokeBias done
Event: 7.546 Executing VM operation: RevokeBias
Event: 7.547 Executing VM operation: RevokeBias done
Event: 7.563 loading class sun/net/www/protocol/about/Handler
Event: 7.563 loading class sun/net/www/protocol/about/Handler done
Event: 7.563 loading class sun/net/www/protocol/about/Handler
Event: 7.563 loading class sun/net/www/protocol/about/Handler done
Event: 7.567 loading class com/sun/webkit/Utilities$MimeTypeMapHolder
Event: 7.567 loading class com/sun/webkit/Utilities$MimeTypeMapHolder done


Dynamic libraries:
0x0000000008a8b000 	/System/Library/Frameworks/Cocoa.framework/Versions/A/Cocoa
0x0000000008a8b000 	/System/Library/Frameworks/Security.framework/Versions/A/Security
0x0000000008a8b000 	/System/Library/Frameworks/ApplicationServices.framework/Versions/A/ApplicationServices
0x0000000008a8b000 	/usr/lib/libz.1.dylib
0x0000000008a8b000 	/usr/lib/libSystem.B.dylib
0x0000000008a8b000 	/usr/lib/libobjc.A.dylib
0x0000000008a8b000 	/System/Library/Frameworks/CoreFoundation.framework/Versions/A/CoreFoundation
0x0000000008a8b000 	/System/Library/Frameworks/Foundation.framework/Versions/C/Foundation
0x0000000008a8b000 	/System/Library/Frameworks/AppKit.framework/Versions/C/AppKit
0x0000000008a8b000 	/System/Library/Frameworks/CoreData.framework/Versions/A/CoreData
0x0000000008a8b000 	/System/Library/PrivateFrameworks/RemoteViewServices.framework/Versions/A/RemoteViewServices
0x0000000008a8b000 	/System/Library/PrivateFrameworks/UIFoundation.framework/Versions/A/UIFoundation
0x0000000008a8b000 	/usr/lib/libScreenReader.dylib
0x0000000008a8b000 	/System/Library/Frameworks/Accelerate.framework/Versions/A/Accelerate
0x0000000008a8b000 	/System/Library/Frameworks/IOSurface.framework/Versions/A/IOSurface
0x0000000008a8b000 	/System/Library/Frameworks/AudioToolbox.framework/Versions/A/AudioToolbox
0x0000000008a8b000 	/System/Library/Frameworks/AudioUnit.framework/Versions/A/AudioUnit
0x0000000008a8b000 	/System/Library/PrivateFrameworks/DataDetectorsCore.framework/Versions/A/DataDetectorsCore
0x0000000008a8b000 	/System/Library/PrivateFrameworks/DesktopServicesPriv.framework/Versions/A/DesktopServicesPriv
0x0000000008a8b000 	/System/Library/Frameworks/Carbon.framework/Versions/A/Frameworks/HIToolbox.framework/Versions/A/HIToolbox
0x0000000008a8b000 	/System/Library/Frameworks/QuartzCore.framework/Versions/A/QuartzCore
0x0000000008a8b000 	/System/Library/Frameworks/Carbon.framework/Versions/A/Frameworks/SpeechRecognition.framework/Versions/A/SpeechRecognition
0x0000000008a8b000 	/usr/lib/libauto.dylib
0x0000000008a8b000 	/usr/lib/libicucore.A.dylib
0x0000000008a8b000 	/usr/lib/libxml2.2.dylib
0x0000000008a8b000 	/System/Library/PrivateFrameworks/CoreUI.framework/Versions/A/CoreUI
0x0000000008a8b000 	/System/Library/Frameworks/CoreAudio.framework/Versions/A/CoreAudio
0x0000000008a8b000 	/System/Library/Frameworks/DiskArbitration.framework/Versions/A/DiskArbitration
0x0000000008a8b000 	/usr/lib/liblangid.dylib
0x0000000008a8b000 	/System/Library/PrivateFrameworks/MultitouchSupport.framework/Versions/A/MultitouchSupport
0x0000000008a8b000 	/System/Library/Frameworks/IOKit.framework/Versions/A/IOKit
0x0000000008a8b000 	/usr/lib/libDiagnosticMessagesClient.dylib
0x0000000008a8b000 	/System/Library/Frameworks/CoreServices.framework/Versions/A/CoreServices
0x0000000008a8b000 	/System/Library/PrivateFrameworks/PerformanceAnalysis.framework/Versions/A/PerformanceAnalysis
0x0000000008a8b000 	/System/Library/PrivateFrameworks/GenerationalStorage.framework/Versions/A/GenerationalStorage
0x0000000008a8b000 	/System/Library/Frameworks/OpenGL.framework/Versions/A/OpenGL
0x0000000008a8b000 	/System/Library/PrivateFrameworks/Sharing.framework/Versions/A/Sharing
0x0000000008a8b000 	/System/Library/Frameworks/CoreGraphics.framework/Versions/A/CoreGraphics
0x0000000008a8b000 	/System/Library/Frameworks/CoreImage.framework/Versions/A/CoreImage
0x0000000008a8b000 	/System/Library/Frameworks/CoreText.framework/Versions/A/CoreText
0x0000000008a8b000 	/System/Library/Frameworks/ImageIO.framework/Versions/A/ImageIO
0x0000000008a8b000 	/System/Library/PrivateFrameworks/Backup.framework/Versions/A/Backup
0x0000000008a8b000 	/usr/lib/libextension.dylib
0x0000000008a8b000 	/usr/lib/libarchive.2.dylib
0x0000000008a8b000 	/System/Library/Frameworks/CFNetwork.framework/Versions/A/CFNetwork
0x0000000008a8b000 	/System/Library/Frameworks/SystemConfiguration.framework/Versions/A/SystemConfiguration
0x0000000008a8b000 	/usr/lib/libCRFSuite.dylib
0x0000000008a8b000 	/usr/lib/libc++.1.dylib
0x0000000008a8b000 	/usr/lib/libc++abi.dylib
0x0000000008a8b000 	/usr/lib/system/libcache.dylib
0x0000000008a8b000 	/usr/lib/system/libcommonCrypto.dylib
0x0000000008a8b000 	/usr/lib/system/libcompiler_rt.dylib
0x0000000008a8b000 	/usr/lib/system/libcopyfile.dylib
0x0000000008a8b000 	/usr/lib/system/libcorecrypto.dylib
0x0000000008a8b000 	/usr/lib/system/libdispatch.dylib
0x0000000008a8b000 	/usr/lib/system/libdyld.dylib
0x0000000008a8b000 	/usr/lib/system/libkeymgr.dylib
0x0000000008a8b000 	/usr/lib/system/liblaunch.dylib
0x0000000008a8b000 	/usr/lib/system/libmacho.dylib
0x0000000008a8b000 	/usr/lib/system/libquarantine.dylib
0x0000000008a8b000 	/usr/lib/system/libremovefile.dylib
0x0000000008a8b000 	/usr/lib/system/libsystem_asl.dylib
0x0000000008a8b000 	/usr/lib/system/libsystem_blocks.dylib
0x0000000008a8b000 	/usr/lib/system/libsystem_c.dylib
0x0000000008a8b000 	/usr/lib/system/libsystem_configuration.dylib
0x0000000008a8b000 	/usr/lib/system/libsystem_coreservices.dylib
0x0000000008a8b000 	/usr/lib/system/libsystem_coretls.dylib
0x0000000008a8b000 	/usr/lib/system/libsystem_dnssd.dylib
0x0000000008a8b000 	/usr/lib/system/libsystem_info.dylib
0x0000000008a8b000 	/usr/lib/system/libsystem_kernel.dylib
0x0000000008a8b000 	/usr/lib/system/libsystem_m.dylib
0x0000000008a8b000 	/usr/lib/system/libsystem_malloc.dylib
0x0000000008a8b000 	/usr/lib/system/libsystem_network.dylib
0x0000000008a8b000 	/usr/lib/system/libsystem_networkextension.dylib
0x0000000008a8b000 	/usr/lib/system/libsystem_notify.dylib
0x0000000008a8b000 	/usr/lib/system/libsystem_platform.dylib
0x0000000008a8b000 	/usr/lib/system/libsystem_pthread.dylib
0x0000000008a8b000 	/usr/lib/system/libsystem_sandbox.dylib
0x0000000008a8b000 	/usr/lib/system/libsystem_secinit.dylib
0x0000000008a8b000 	/usr/lib/system/libsystem_trace.dylib
0x0000000008a8b000 	/usr/lib/system/libunc.dylib
0x0000000008a8b000 	/usr/lib/system/libunwind.dylib
0x0000000008a8b000 	/usr/lib/system/libxpc.dylib
0x0000000008a8b000 	/usr/lib/libenergytrace.dylib
0x0000000008a8b000 	/usr/lib/libbsm.0.dylib
0x0000000008a8b000 	/usr/lib/system/libkxld.dylib
0x0000000008a8b000 	/usr/lib/libxar.1.dylib
0x0000000008a8b000 	/usr/lib/libsqlite3.dylib
0x0000000008a8b000 	/usr/lib/libpam.2.dylib
0x0000000008a8b000 	/usr/lib/libOpenScriptingUtil.dylib
0x0000000008a8b000 	/usr/lib/libbz2.1.0.dylib
0x0000000008a8b000 	/usr/lib/liblzma.5.dylib
0x0000000008a8b000 	/System/Library/Frameworks/CoreServices.framework/Versions/A/Frameworks/FSEvents.framework/Versions/A/FSEvents
0x0000000008a8b000 	/System/Library/Frameworks/CoreServices.framework/Versions/A/Frameworks/CarbonCore.framework/Versions/A/CarbonCore
0x0000000008a8b000 	/System/Library/Frameworks/CoreServices.framework/Versions/A/Frameworks/Metadata.framework/Versions/A/Metadata
0x0000000008a8b000 	/System/Library/Frameworks/CoreServices.framework/Versions/A/Frameworks/OSServices.framework/Versions/A/OSServices
0x0000000008a8b000 	/System/Library/Frameworks/CoreServices.framework/Versions/A/Frameworks/SearchKit.framework/Versions/A/SearchKit
0x0000000008a8b000 	/System/Library/Frameworks/CoreServices.framework/Versions/A/Frameworks/AE.framework/Versions/A/AE
0x0000000008a8b000 	/System/Library/Frameworks/CoreServices.framework/Versions/A/Frameworks/LaunchServices.framework/Versions/A/LaunchServices
0x0000000008a8b000 	/System/Library/Frameworks/CoreServices.framework/Versions/A/Frameworks/DictionaryServices.framework/Versions/A/DictionaryServices
0x0000000008a8b000 	/System/Library/Frameworks/CoreServices.framework/Versions/A/Frameworks/SharedFileList.framework/Versions/A/SharedFileList
0x0000000008a8b000 	/System/Library/Frameworks/NetFS.framework/Versions/A/NetFS
0x0000000008a8b000 	/System/Library/PrivateFrameworks/NetAuth.framework/Versions/A/NetAuth
0x0000000008a8b000 	/System/Library/PrivateFrameworks/login.framework/Versions/A/Frameworks/loginsupport.framework/Versions/A/loginsupport
0x0000000008a8b000 	/System/Library/PrivateFrameworks/TCC.framework/Versions/A/TCC
0x0000000008a8b000 	/usr/lib/libmecabra.dylib
0x0000000008a8b000 	/System/Library/Frameworks/ApplicationServices.framework/Versions/A/Frameworks/ATS.framework/Versions/A/ATS
0x0000000008a8b000 	/System/Library/Frameworks/ApplicationServices.framework/Versions/A/Frameworks/ColorSync.framework/Versions/A/ColorSync
0x0000000008a8b000 	/System/Library/Frameworks/ApplicationServices.framework/Versions/A/Frameworks/HIServices.framework/Versions/A/HIServices
0x0000000008a8b000 	/System/Library/Frameworks/ApplicationServices.framework/Versions/A/Frameworks/LangAnalysis.framework/Versions/A/LangAnalysis
0x0000000008a8b000 	/System/Library/Frameworks/ApplicationServices.framework/Versions/A/Frameworks/PrintCore.framework/Versions/A/PrintCore
0x0000000008a8b000 	/System/Library/Frameworks/ApplicationServices.framework/Versions/A/Frameworks/QD.framework/Versions/A/QD
0x0000000008a8b000 	/System/Library/Frameworks/ApplicationServices.framework/Versions/A/Frameworks/SpeechSynthesis.framework/Versions/A/SpeechSynthesis
0x0000000008a8b000 	/System/Library/Frameworks/Metal.framework/Versions/A/Metal
0x0000000008a8b000 	/System/Library/Frameworks/Accelerate.framework/Versions/A/Frameworks/vImage.framework/Versions/A/vImage
0x0000000008a8b000 	/System/Library/Frameworks/Accelerate.framework/Versions/A/Frameworks/vecLib.framework/Versions/A/vecLib
0x0000000008a8b000 	/System/Library/Frameworks/Accelerate.framework/Versions/A/Frameworks/vecLib.framework/Versions/A/libvDSP.dylib
0x0000000008a8b000 	/System/Library/Frameworks/Accelerate.framework/Versions/A/Frameworks/vecLib.framework/Versions/A/libvMisc.dylib
0x0000000008a8b000 	/System/Library/Frameworks/Accelerate.framework/Versions/A/Frameworks/vecLib.framework/Versions/A/libLAPACK.dylib
0x0000000008a8b000 	/System/Library/Frameworks/Accelerate.framework/Versions/A/Frameworks/vecLib.framework/Versions/A/libBLAS.dylib
0x0000000008a8b000 	/System/Library/Frameworks/Accelerate.framework/Versions/A/Frameworks/vecLib.framework/Versions/A/libLinearAlgebra.dylib
0x0000000008a8b000 	/System/Library/Frameworks/Accelerate.framework/Versions/A/Frameworks/vecLib.framework/Versions/A/libSparseBLAS.dylib
0x0000000008a8b000 	/System/Library/PrivateFrameworks/GPUCompiler.framework/libmetal_timestamp.dylib
0x0000000008a8b000 	/System/Library/Frameworks/OpenGL.framework/Versions/A/Libraries/libCoreFSCache.dylib
0x0000000008a8b000 	/System/Library/PrivateFrameworks/IOAccelerator.framework/Versions/A/IOAccelerator
0x0000000008a8b000 	/System/Library/Frameworks/ApplicationServices.framework/Versions/A/Frameworks/ATS.framework/Versions/A/Resources/libFontParser.dylib
0x0000000008a8b000 	/System/Library/Frameworks/ApplicationServices.framework/Versions/A/Frameworks/ATS.framework/Versions/A/Resources/libFontRegistry.dylib
0x0000000008a8b000 	/System/Library/PrivateFrameworks/AppleVPA.framework/Versions/A/AppleVPA
0x0000000008a8b000 	/System/Library/PrivateFrameworks/AppleJPEG.framework/Versions/A/AppleJPEG
0x0000000008a8b000 	/System/Library/Frameworks/ImageIO.framework/Versions/A/Resources/libJPEG.dylib
0x0000000008a8b000 	/System/Library/Frameworks/ImageIO.framework/Versions/A/Resources/libTIFF.dylib
0x0000000008a8b000 	/System/Library/Frameworks/ImageIO.framework/Versions/A/Resources/libPng.dylib
0x0000000008a8b000 	/System/Library/Frameworks/ImageIO.framework/Versions/A/Resources/libGIF.dylib
0x0000000008a8b000 	/System/Library/Frameworks/ImageIO.framework/Versions/A/Resources/libJP2.dylib
0x0000000008a8b000 	/System/Library/Frameworks/ImageIO.framework/Versions/A/Resources/libRadiance.dylib
0x0000000008a8b000 	/System/Library/Frameworks/CoreVideo.framework/Versions/A/CoreVideo
0x0000000008a8b000 	/System/Library/Frameworks/OpenGL.framework/Versions/A/Libraries/libGLU.dylib
0x0000000008a8b000 	/System/Library/Frameworks/OpenGL.framework/Versions/A/Libraries/libGFXShared.dylib
0x0000000008a8b000 	/System/Library/Frameworks/OpenGL.framework/Versions/A/Libraries/libGL.dylib
0x0000000008a8b000 	/System/Library/Frameworks/OpenGL.framework/Versions/A/Libraries/libGLImage.dylib
0x0000000008a8b000 	/System/Library/Frameworks/OpenGL.framework/Versions/A/Libraries/libCVMSPluginSupport.dylib
0x0000000008a8b000 	/System/Library/Frameworks/OpenGL.framework/Versions/A/Libraries/libCoreVMClient.dylib
0x0000000008a8b000 	/usr/lib/libcups.2.dylib
0x0000000008a8b000 	/System/Library/Frameworks/Kerberos.framework/Versions/A/Kerberos
0x0000000008a8b000 	/System/Library/Frameworks/GSS.framework/Versions/A/GSS
0x0000000008a8b000 	/usr/lib/libresolv.9.dylib
0x0000000008a8b000 	/usr/lib/libiconv.2.dylib
0x0000000008a8b000 	/System/Library/PrivateFrameworks/Heimdal.framework/Versions/A/Heimdal
0x0000000008a8b000 	/usr/lib/libheimdal-asn1.dylib
0x0000000008a8b000 	/System/Library/Frameworks/OpenDirectory.framework/Versions/A/OpenDirectory
0x0000000008a8b000 	/System/Library/PrivateFrameworks/CommonAuth.framework/Versions/A/CommonAuth
0x0000000008a8b000 	/System/Library/Frameworks/OpenDirectory.framework/Versions/A/Frameworks/CFOpenDirectory.framework/Versions/A/CFOpenDirectory
0x0000000008a8b000 	/System/Library/Frameworks/SecurityFoundation.framework/Versions/A/SecurityFoundation
0x0000000008a8b000 	/System/Library/PrivateFrameworks/LanguageModeling.framework/Versions/A/LanguageModeling
0x0000000008a8b000 	/usr/lib/libmarisa.dylib
0x0000000008a8b000 	/usr/lib/libChineseTokenizer.dylib
0x0000000008a8b000 	/usr/lib/libcmph.dylib
0x0000000008a8b000 	/usr/lib/libcompression.dylib
0x0000000008a8b000 	/System/Library/Frameworks/ServiceManagement.framework/Versions/A/ServiceManagement
0x0000000008a8b000 	/usr/lib/libxslt.1.dylib
0x0000000008a8b000 	/System/Library/Frameworks/Carbon.framework/Versions/A/Frameworks/Ink.framework/Versions/A/Ink
0x0000000008a8b000 	/usr/lib/libFosl_dynamic.dylib
0x0000000008a8b000 	/System/Library/PrivateFrameworks/FaceCore.framework/Versions/A/FaceCore
0x0000000008a8b000 	/System/Library/Frameworks/OpenCL.framework/Versions/A/OpenCL
0x0000000008a8b000 	/System/Library/PrivateFrameworks/CrashReporterSupport.framework/Versions/A/CrashReporterSupport
0x0000000008a8b000 	/System/Library/PrivateFrameworks/IconServices.framework/Versions/A/IconServices
0x0000000008a8b000 	/System/Library/PrivateFrameworks/Apple80211.framework/Versions/A/Apple80211
0x0000000008a8b000 	/System/Library/Frameworks/CoreWLAN.framework/Versions/A/CoreWLAN
0x0000000008a8b000 	/System/Library/Frameworks/IOBluetooth.framework/Versions/A/IOBluetooth
0x0000000008a8b000 	/System/Library/PrivateFrameworks/CoreWiFi.framework/Versions/A/CoreWiFi
0x0000000008a8b000 	/System/Library/Frameworks/CoreBluetooth.framework/Versions/A/CoreBluetooth
0x0000000008a8b000 	/System/Library/PrivateFrameworks/ChunkingLibrary.framework/Versions/A/ChunkingLibrary
0x0000000008a8b000 	/System/Library/PrivateFrameworks/DebugSymbols.framework/Versions/A/DebugSymbols
0x0000000008a8b000 	/System/Library/PrivateFrameworks/CoreSymbolication.framework/Versions/A/CoreSymbolication
0x0000000008a8b000 	/System/Library/PrivateFrameworks/Symbolication.framework/Versions/A/Symbolication
0x0000000008a8b000 	/System/Library/PrivateFrameworks/SpeechRecognitionCore.framework/Versions/A/SpeechRecognitionCore
0x000000010440b000 	/Library/Java/JavaVirtualMachines/jdk1.8.0_60.jdk/Contents/Home/jre/lib/server/libjvm.dylib
0x0000000008a8b000 	/usr/lib/libstdc++.6.dylib
0x0000000105398000 	/Library/Java/JavaVirtualMachines/jdk1.8.0_60.jdk/Contents/Home/jre/lib/libverify.dylib
0x00000001053a6000 	/Library/Java/JavaVirtualMachines/jdk1.8.0_60.jdk/Contents/Home/jre/lib/libjava.dylib
0x00000001053e5000 	/Library/Java/JavaVirtualMachines/jdk1.8.0_60.jdk/Contents/Home/jre/lib/libzip.dylib
0x000000011b562000 	/System/Library/Frameworks/JavaVM.framework/Frameworks/JavaRuntimeSupport.framework/JavaRuntimeSupport
0x000000011b57d000 	/System/Library/Frameworks/JavaVM.framework/Versions/A/Frameworks/JavaNativeFoundation.framework/Versions/A/JavaNativeFoundation
0x00000001053ef000 	/System/Library/Frameworks/JavaVM.framework/Versions/A/JavaVM
0x0000000008a8b000 	/System/Library/Frameworks/Carbon.framework/Versions/A/Carbon
0x000000011b592000 	/System/Library/PrivateFrameworks/JavaLaunching.framework/Versions/A/JavaLaunching
0x0000000008a8b000 	/System/Library/Frameworks/Carbon.framework/Versions/A/Frameworks/CommonPanels.framework/Versions/A/CommonPanels
0x0000000008a8b000 	/System/Library/Frameworks/Carbon.framework/Versions/A/Frameworks/Help.framework/Versions/A/Help
0x0000000008a8b000 	/System/Library/Frameworks/Carbon.framework/Versions/A/Frameworks/ImageCapture.framework/Versions/A/ImageCapture
0x0000000008a8b000 	/System/Library/Frameworks/Carbon.framework/Versions/A/Frameworks/OpenScripting.framework/Versions/A/OpenScripting
0x0000000008a8b000 	/System/Library/Frameworks/Carbon.framework/Versions/A/Frameworks/Print.framework/Versions/A/Print
0x0000000008a8b000 	/System/Library/Frameworks/Carbon.framework/Versions/A/Frameworks/SecurityHI.framework/Versions/A/SecurityHI
0x000000011cfcf000 	/Applications/IntelliJ IDEA 14 CE.app/Contents/bin/libbreakgen64.jnilib
0x000000011cfd2000 	/Library/Java/JavaVirtualMachines/jdk1.8.0_60.jdk/Contents/Home/jre/lib/libnet.dylib
0x000000011d0c7000 	/Library/Java/JavaVirtualMachines/jdk1.8.0_60.jdk/Contents/Home/jre/lib/libprism_es2.dylib
0x0000000008a8b000 	/System/Library/Frameworks/OpenGL.framework/Versions/A/Resources/GLEngine.bundle/GLEngine
0x0000000008a8b000 	/System/Library/Frameworks/OpenGL.framework/Versions/A/Libraries/libGLProgrammability.dylib
0x000000011d149000 	/System/Library/Extensions/AppleIntelBDWGraphicsGLDriver.bundle/Contents/MacOS/AppleIntelBDWGraphicsGLDriver
0x0000000008a8b000 	/System/Library/PrivateFrameworks/GPUSupport.framework/Versions/A/Libraries/libGPUSupportMercury.dylib
0x0000000008a8b000 	/System/Library/Frameworks/OpenGL.framework/Versions/A/Resources/GLRendererFloat.bundle/GLRendererFloat
0x0000000008a8b000 	/System/Library/Frameworks/OpenCL.framework/Versions/A/Libraries/libcldcpuengine.dylib
0x0000000008a8b000 	/System/Library/PrivateFrameworks/DiskImages.framework/Versions/A/DiskImages
0x0000000008a8b000 	/System/Library/Frameworks/DiscRecording.framework/Versions/A/DiscRecording
0x0000000008a8b000 	/usr/lib/libcsfde.dylib
0x0000000008a8b000 	/usr/lib/libcurl.4.dylib
0x0000000008a8b000 	/System/Library/PrivateFrameworks/MediaKit.framework/Versions/A/MediaKit
0x0000000008a8b000 	/System/Library/PrivateFrameworks/ProtectedCloudStorage.framework/Versions/A/ProtectedCloudStorage
0x0000000008a8b000 	/usr/lib/libCoreStorage.dylib
0x0000000008a8b000 	/System/Library/PrivateFrameworks/EFILogin.framework/Versions/A/EFILogin
0x0000000008a8b000 	/usr/lib/libutil.dylib
0x0000000008a8b000 	/System/Library/PrivateFrameworks/FindMyDevice.framework/Versions/A/FindMyDevice
0x0000000008a8b000 	/System/Library/Frameworks/LDAP.framework/Versions/A/LDAP
0x0000000008a8b000 	/usr/lib/libsasl2.2.dylib
0x0000000008a8b000 	/System/Library/PrivateFrameworks/CoreDaemon.framework/Versions/B/CoreDaemon
0x0000000008a8b000 	/usr/lib/libcrypto.0.9.8.dylib
0x0000000008a8b000 	/System/Library/PrivateFrameworks/AppleSRP.framework/Versions/A/AppleSRP
0x0000000008a8b000 	/System/Library/PrivateFrameworks/TrustEvaluationAgent.framework/Versions/A/TrustEvaluationAgent
0x000000011dc88000 	/Library/Java/JavaVirtualMachines/jdk1.8.0_60.jdk/Contents/Home/jre/lib/libglass.dylib
0x0000000008a8b000 	/System/Library/PrivateFrameworks/CoreServicesInternal.framework/Versions/A/CoreServicesInternal
0x0000000008a8b000 	/System/Library/CoreServices/RawCamera.bundle/Contents/MacOS/RawCamera
0x0000000008a8b000 	/System/Library/Frameworks/CoreGraphics.framework/Versions/A/Resources/libRIP.A.dylib
0x0000000008a8b000 	/System/Library/Frameworks/Accelerate.framework/Versions/A/Frameworks/vImage.framework/Versions/A/Libraries/libCGInterfaces.dylib
0x0000000008a8b000 	/System/Library/PrivateFrameworks/FamilyControls.framework/Versions/A/FamilyControls
0x0000000008a8b000 	/System/Library/PrivateFrameworks/CommerceKit.framework/Versions/A/Frameworks/CommerceCore.framework/Versions/A/CommerceCore
0x0000000008a8b000 	/System/Library/PrivateFrameworks/SystemAdministration.framework/Versions/A/SystemAdministration
0x0000000008a8b000 	/System/Library/PrivateFrameworks/AppContainer.framework/Versions/A/AppContainer
0x0000000008a8b000 	/System/Library/PrivateFrameworks/SecCodeWrapper.framework/Versions/A/SecCodeWrapper
0x0000000008a8b000 	/System/Library/Frameworks/DirectoryService.framework/Versions/A/DirectoryService
0x0000000008a8b000 	/System/Library/PrivateFrameworks/LoginUIKit.framework/Versions/A/Frameworks/LoginUICore.framework/Versions/A/LoginUICore
0x0000000008a8b000 	/usr/lib/libodfde.dylib
0x000000011e34a000 	/Library/Java/JavaVirtualMachines/jdk1.8.0_60.jdk/Contents/Home/jre/lib/libjavafx_font.dylib
0x0000000008a8b000 	/System/Library/Frameworks/CoreGraphics.framework/Versions/A/Resources/libCGXType.A.dylib
0x00000001231b3000 	cl_kernels
0x0000000008a8b000 	/System/Library/Frameworks/OpenCL.framework/Versions/A/Libraries/ImageFormats/unorm8_bgra.dylib
0x0000000008a8b000 	/System/Library/Frameworks/OpenCL.framework/Versions/A/Libraries/ImageFormats/unorm8_rgba.dylib
0x0000000124d47000 	/System/Library/Extensions/AppleIntelBDWGraphicsMTLDriver.bundle/Contents/MacOS/AppleIntelBDWGraphicsMTLDriver
0x0000000125435000 	/System/Library/Frameworks/Security.framework/PlugIns/csparser.bundle/Contents/MacOS/csparser
0x0000000008a8b000 	/System/Library/PrivateFrameworks/FinderKit.framework/Versions/A/FinderKit
0x0000000008a8b000 	/System/Library/Frameworks/Quartz.framework/Versions/A/Frameworks/QuickLookUI.framework/Versions/A/QuickLookUI
0x0000000008a8b000 	/System/Library/Frameworks/Quartz.framework/Versions/A/Frameworks/ImageKit.framework/Versions/A/ImageKit
0x0000000008a8b000 	/System/Library/PrivateFrameworks/Bom.framework/Versions/A/Bom
0x0000000008a8b000 	/System/Library/Frameworks/QuickLook.framework/Versions/A/QuickLook
0x0000000008a8b000 	/System/Library/PrivateFrameworks/Suggestions.framework/Versions/A/Suggestions
0x0000000008a8b000 	/System/Library/PrivateFrameworks/AppleSystemInfo.framework/Versions/A/AppleSystemInfo
0x0000000008a8b000 	/System/Library/Frameworks/ImageCaptureCore.framework/Versions/A/ImageCaptureCore
0x0000000008a8b000 	/System/Library/PrivateFrameworks/SafariServices.framework/Versions/A/SafariServices
0x0000000008a8b000 	/usr/lib/libspindump.dylib
0x0000000008a8b000 	/System/Library/Frameworks/QTKit.framework/Versions/A/QTKit
0x0000000008a8b000 	/System/Library/Frameworks/AVFoundation.framework/Versions/A/AVFoundation
0x0000000008a8b000 	/System/Library/Frameworks/CoreMedia.framework/Versions/A/CoreMedia
0x0000000008a8b000 	/System/Library/Frameworks/MediaToolbox.framework/Versions/A/MediaToolbox
0x0000000008a8b000 	/System/Library/Frameworks/VideoToolbox.framework/Versions/A/VideoToolbox
0x0000000008a8b000 	/System/Library/PrivateFrameworks/CoreMediaAuthoring.framework/Versions/A/CoreMediaAuthoring
0x0000000008a8b000 	/System/Library/Frameworks/CoreMediaIO.framework/Versions/A/CoreMediaIO
0x0000000008a8b000 	/System/Library/Frameworks/AVFoundation.framework/Versions/A/Resources/libAVFAudio.dylib
0x0000000008a8b000 	/System/Library/PrivateFrameworks/CoreAVCHD.framework/Versions/A/CoreAVCHD
0x0000000008a8b000 	/System/Library/Frameworks/MediaAccessibility.framework/Versions/A/MediaAccessibility
0x0000000008a8b000 	/System/Library/PrivateFrameworks/Mangrove.framework/Versions/A/Mangrove
0x0000000008a8b000 	/System/Library/PrivateFrameworks/CoreAUC.framework/Versions/A/CoreAUC
0x0000000008a8b000 	/System/Library/PrivateFrameworks/AppleVA.framework/Versions/A/AppleVA
0x0000000008a8b000 	/System/Library/PrivateFrameworks/XPCService.framework/Versions/A/XPCService
0x0000000008a8b000 	/System/Library/PrivateFrameworks/AppSandbox.framework/Versions/A/AppSandbox
0x0000000008a8b000 	/usr/lib/libsandbox.1.dylib
0x0000000008a8b000 	/usr/lib/libMatch.1.dylib
0x0000000008a8b000 	/System/Library/PrivateFrameworks/DisplayServices.framework/Versions/A/DisplayServices
0x0000000008a8b000 	/System/Library/Frameworks/Quartz.framework/Versions/A/Frameworks/PDFKit.framework/Versions/A/PDFKit
0x0000000008a8b000 	/System/Library/Frameworks/Quartz.framework/Versions/A/Frameworks/QuartzComposer.framework/Versions/A/QuartzComposer
0x0000000008a8b000 	/System/Library/Frameworks/Quartz.framework/Versions/A/Frameworks/QuartzFilters.framework/Versions/A/QuartzFilters
0x0000000008a8b000 	/System/Library/PrivateFrameworks/CorePDF.framework/Versions/A/CorePDF
0x0000000008a8b000 	/System/Library/Frameworks/JavaScriptCore.framework/Versions/A/JavaScriptCore
0x0000000008a8b000 	/System/Library/PrivateFrameworks/AppleFSCompression.framework/Versions/A/AppleFSCompression
0x0000000008a8b000 	/System/Library/Frameworks/AddressBook.framework/Versions/A/AddressBook
0x0000000008a8b000 	/System/Library/PrivateFrameworks/ContactsPersistence.framework/Versions/A/ContactsPersistence
0x0000000008a8b000 	/System/Library/PrivateFrameworks/ContactsFoundation.framework/Versions/A/ContactsFoundation
0x0000000008a8b000 	/System/Library/PrivateFrameworks/vCard.framework/Versions/A/vCard
0x0000000008a8b000 	/System/Library/PrivateFrameworks/IntlPreferences.framework/Versions/A/IntlPreferences
0x0000000008a8b000 	/System/Library/PrivateFrameworks/ToneLibrary.framework/Versions/A/ToneLibrary
0x0000000008a8b000 	/System/Library/PrivateFrameworks/ToneKit.framework/Versions/A/ToneKit
0x0000000008a8b000 	/System/Library/PrivateFrameworks/ApplePushService.framework/Versions/A/ApplePushService
0x0000000008a8b000 	/System/Library/Frameworks/SecurityInterface.framework/Versions/A/SecurityInterface
0x0000000008a8b000 	/System/Library/PrivateFrameworks/PhoneNumbers.framework/Versions/A/PhoneNumbers
0x0000000008a8b000 	/System/Library/PrivateFrameworks/ViewBridge.framework/Versions/A/ViewBridge
0x0000000008a8b000 	/System/Library/Frameworks/Quartz.framework/Versions/A/Quartz
0x0000000008a8b000 	/System/Library/PrivateFrameworks/CloudDocs.framework/Versions/A/CloudDocs
0x0000000008a8b000 	/System/Library/PrivateFrameworks/CoreDuet.framework/Versions/A/CoreDuet
0x0000000008a8b000 	/System/Library/Frameworks/CloudKit.framework/Versions/A/CloudKit
0x0000000008a8b000 	/System/Library/PrivateFrameworks/ProtocolBuffer.framework/Versions/A/ProtocolBuffer
0x0000000008a8b000 	/System/Library/PrivateFrameworks/CoreDuetDaemonProtocol.framework/Versions/A/CoreDuetDaemonProtocol
0x0000000008a8b000 	/System/Library/PrivateFrameworks/CoreDuetDebugLogging.framework/Versions/A/CoreDuetDebugLogging
0x0000000008a8b000 	/System/Library/Frameworks/Contacts.framework/Versions/A/Contacts
0x0000000008a8b000 	/System/Library/PrivateFrameworks/MMCS.framework/Versions/A/MMCS
0x0000000008a8b000 	/System/Library/Frameworks/CoreLocation.framework/Versions/A/CoreLocation
0x0000000008a8b000 	/System/Library/Frameworks/Accounts.framework/Versions/A/Accounts
0x0000000008a8b000 	/System/Library/PrivateFrameworks/OAuth.framework/Versions/A/OAuth
0x0000000008a8b000 	/System/Library/PrivateFrameworks/AssetCacheServices.framework/Versions/A/AssetCacheServices
0x0000000008a8b000 	/System/Library/PrivateFrameworks/GeoServices.framework/Versions/A/GeoServices
0x0000000008a8b000 	/System/Library/PrivateFrameworks/PlugInKit.framework/Versions/A/PlugInKit
0x0000000008a8b000 	/System/Library/PrivateFrameworks/iLifeMediaBrowser.framework/Versions/A/iLifeMediaBrowser
0x0000000008a8b000 	/System/Library/Frameworks/AVKit.framework/Versions/A/AVKit
0x0000000008a8b000 	/System/Library/PrivateFrameworks/CacheDelete.framework/Versions/A/CacheDelete
0x00000001274b6000 	/System/Library/Frameworks/Quartz.framework/Versions/A/Frameworks/QuickLookUI.framework/Versions/A/PlugIns/Generic.qldisplay/Contents/MacOS/Generic
0x0000000125a4e000 	/Library/Java/JavaVirtualMachines/jdk1.8.0_60.jdk/Contents/Home/jre/lib/libnio.dylib
0x0000000127763000 	/Library/Java/JavaVirtualMachines/jdk1.8.0_60.jdk/Contents/Home/jre/lib/libglib-lite.dylib
0x0000000127ecf000 	/Library/Java/JavaVirtualMachines/jdk1.8.0_60.jdk/Contents/Home/jre/lib/libgstreamer-lite.dylib
0x0000000128047000 	/Library/Java/JavaVirtualMachines/jdk1.8.0_60.jdk/Contents/Home/jre/lib/libjfxmedia.dylib
0x0000000128082000 	/Library/Java/JavaVirtualMachines/jdk1.8.0_60.jdk/Contents/Home/jre/lib/libjfxmedia_avf.dylib
0x0000000125a5e000 	/Library/Java/JavaVirtualMachines/jdk1.8.0_60.jdk/Contents/Home/jre/lib/libjfxmedia_qtkit.dylib
0x00000001280b7000 	/Library/Java/JavaVirtualMachines/jdk1.8.0_60.jdk/Contents/Home/jre/lib/libfxplugins.dylib
0x0000000125a6b000 	/System/Library/Frameworks/VideoDecodeAcceleration.framework/Versions/A/VideoDecodeAcceleration
0x0000000125535000 	/System/Library/Extensions/AppleHDA.kext/Contents/PlugIns/AppleHDAHALPlugIn.bundle/Contents/MacOS/AppleHDAHALPlugIn
0x0000000125566000 	/System/Library/Components/CoreAudio.component/Contents/MacOS/CoreAudio
0x0000000008a8b000 	/System/Library/PrivateFrameworks/AppleGVA.framework/Versions/A/AppleGVA
0x000000012a2c6000 	/System/Library/Components/AudioCodecs.component/Contents/MacOS/AudioCodecs
0x000000012579c000 	/System/Library/Extensions/AppleIntelBDWGraphicsVADriver.bundle/Contents/MacOS/AppleIntelBDWGraphicsVADriver
0x00000001259fe000 	/System/Library/Extensions/AppleIntelBDWGraphicsVAME.bundle/Contents/MacOS/AppleIntelBDWGraphicsVAME
0x000000012c00e000 	/Library/Java/JavaVirtualMachines/jdk1.8.0_60.jdk/Contents/Home/jre/lib/libjavafx_iio.dylib
0x000000012d5bb000 	/Library/Java/JavaVirtualMachines/jdk1.8.0_60.jdk/Contents/Home/jre/lib/libjfxwebkit.dylib
0x000000012fc80000 	/Library/Java/JavaVirtualMachines/jdk1.8.0_60.jdk/Contents/Home/jre/lib/libprism_common.dylib

VM Arguments:
jvm_args: -Didea.launcher.port=7534 -Didea.launcher.bin.path=/Applications/IntelliJ IDEA 14 CE.app/Contents/bin -Dfile.encoding=UTF-8 
java_command: com.intellij.rt.execution.application.AppMain sample.Main
java_class_path (initial): /Library/Java/JavaVirtualMachines/jdk1.8.0_60.jdk/Contents/Home/lib/ant-javafx.jar:/Library/Java/JavaVirtualMachines/jdk1.8.0_60.jdk/Contents/Home/lib/dt.jar:/Library/Java/JavaVirtualMachines/jdk1.8.0_60.jdk/Contents/Home/lib/javafx-mx.jar:/Library/Java/JavaVirtualMachines/jdk1.8.0_60.jdk/Contents/Home/lib/jconsole.jar:/Library/Java/JavaVirtualMachines/jdk1.8.0_60.jdk/Contents/Home/lib/packager.jar:/Library/Java/JavaVirtualMachines/jdk1.8.0_60.jdk/Contents/Home/lib/sa-jdi.jar:/Library/Java/JavaVirtualMachines/jdk1.8.0_60.jdk/Contents/Home/lib/tools.jar:/Library/Java/JavaVirtualMachines/jdk1.8.0_60.jdk/Contents/Home/jre/lib/charsets.jar:/Library/Java/JavaVirtualMachines/jdk1.8.0_60.jdk/Contents/Home/jre/lib/deploy.jar:/Library/Java/JavaVirtualMachines/jdk1.8.0_60.jdk/Contents/Home/jre/lib/javaws.jar:/Library/Java/JavaVirtualMachines/jdk1.8.0_60.jdk/Contents/Home/jre/lib/jce.jar:/Library/Java/JavaVirtualMachines/jdk1.8.0_60.jdk/Contents/Home/jre/lib/jfr.jar:/Library/Java/JavaVirtualMachines/jdk1.8.0_60.jdk/Contents/Home/jre/lib/jfxswt.jar:/Library/Java/JavaVirtualMachines/jdk1.8.0_60.jdk/Contents/Home/jre/lib/jsse.jar:/Library/Java/JavaVirtualMachines/jdk1.8.0_60.jdk/Contents/Home/jre/lib/management-agent.jar:/Library/Java/JavaVirtualMachines/jdk1.8.0_60.jdk/Contents/Home/jre/lib/plugin.jar:/Library/Java/JavaVirtualMachines/jdk1.8.0_60.jdk/Contents/Home/jre/lib/resources.jar:/Library/Java/JavaVirtualMachines/jdk1.8.0_60.jdk/Contents/Home/jre/lib/rt.jar:/Library/Java/JavaVirtualMachines/jdk1.8.0_60.jdk/Contents/Home/jre/lib/ext/cldrdata.jar:/Library/Java/JavaVirtualMachines/jdk1.8.0_60.jdk/Contents/Home/jre/lib/ext/dnsns.jar:/Library/Java/JavaVirtualMachines/jdk1.8.0_60.jdk/Contents/Home/jre/lib/ext/jaccess.jar:/Library/Java/JavaVirtualMachines/jdk1.8.0_60.jdk/Contents/Home/jre/lib/ext/jfxrt.jar:/Library/Java/JavaVirtualMachines/jdk1.8.0_60.jdk/Contents/Home/jre/lib/ext/localedata.jar:/Library/Java/JavaVirtualMachines/jdk1.8.0_60.jdk/Conten
Launcher Type: SUN_STANDARD

Environment Variables:
PATH=/usr/local/bin:/usr/bin:/bin:/usr/sbin:/sbin
SHELL=/bin/bash

Signal Handlers:
SIGSEGV: [libjvm.dylib+0x5a6d31], sa_mask[0]=11111111011111110111111111111111, sa_flags=SA_ONSTACK|SA_RESTART|SA_SIGINFO
SIGBUS: [libjvm.dylib+0x5a6d31], sa_mask[0]=11111111011111110111111111111111, sa_flags=SA_RESTART|SA_SIGINFO
SIGFPE: [libjvm.dylib+0x480a4c], sa_mask[0]=11111111011111110111111111111111, sa_flags=SA_RESTART|SA_SIGINFO
SIGPIPE: [libjvm.dylib+0x480a4c], sa_mask[0]=11111111011111110111111111111111, sa_flags=SA_RESTART|SA_SIGINFO
SIGXFSZ: [libjvm.dylib+0x480a4c], sa_mask[0]=11111111011111110111111111111111, sa_flags=SA_RESTART|SA_SIGINFO
SIGILL: [libjvm.dylib+0x480a4c], sa_mask[0]=11111111011111110111111111111111, sa_flags=SA_RESTART|SA_SIGINFO
SIGUSR1: SIG_DFL, sa_mask[0]=00000000000000000000000000000000, sa_flags=none
SIGUSR2: [libjvm.dylib+0x48056a], sa_mask[0]=00100000000000000000000000000000, sa_flags=SA_RESTART|SA_SIGINFO
SIGHUP: [libjvm.dylib+0x47eb41], sa_mask[0]=11111111011111110111111111111111, sa_flags=SA_RESTART|SA_SIGINFO
SIGINT: [libjvm.dylib+0x47eb41], sa_mask[0]=11111111011111110111111111111111, sa_flags=SA_RESTART|SA_SIGINFO
SIGTERM: [libjvm.dylib+0x47eb41], sa_mask[0]=11111111011111110111111111111111, sa_flags=SA_RESTART|SA_SIGINFO
SIGQUIT: [libjvm.dylib+0x47eb41], sa_mask[0]=11111111011111110111111111111111, sa_flags=SA_RESTART|SA_SIGINFO


---------------  S Y S T E M  ---------------

OS:Bsduname:Darwin 15.0.0 Darwin Kernel Version 15.0.0: Wed Aug 26 16:57:32 PDT 2015; root:xnu-3247.1.106~1/RELEASE_X86_64 x86_64
rlimit: STACK 8192k, CORE 0k, NPROC 709, NOFILE 10240, AS infinity
load average:3.56 3.07 2.68

CPU:total 4 (2 cores per cpu, 2 threads per core) family 6 model 61 stepping 4, cmov, cx8, fxsr, mmx, sse, sse2, sse3, ssse3, sse4.1, sse4.2, popcnt, avx, avx2, aes, clmul, erms, 3dnowpref, lzcnt, ht, tsc, tscinvbit, bmi1, bmi2, adx

Memory: 4k page, physical 8388608k(15488k free)

/proc/meminfo:


vm_info: Java HotSpot(TM) 64-Bit Server VM (25.60-b23) for bsd-amd64 JRE (1.8.0_60-b27), built on Aug  4 2015 10:47:24 by "java_re" with gcc 4.2.1 (Based on Apple Inc. build 5658) (LLVM build 2336.11.00)

time: Fri Oct 16 19:43:02 2015
elapsed time: 7 seconds (0d 0h 0m 7s)

